<?xml version="1.0" encoding="UTF-8"?>
<!-- Generated by org.testng.reporters.JUnitReportReporter -->
<testsuite hostname="DESKTOP-UOQ6CJ2" failures="0" tests="2" name="TESTNG.checkingtestsequence" time="0.022" errors="0" timestamp="2023-01-28T21:21:39 IST" skipped="0">
  <testcase classname="TESTNG.checkingtestsequence" name="ba" time="0.002"/>
  <system-out/>
  <testcase classname="TESTNG.checkingtestsequence" name="ab" time="0.020"/>
  <system-out/>
</testsuite> <!-- TESTNG.checkingtestsequence -->
